<?xml version="1.0" encoding="UTF-8"?>
<!-- Generated by org.testng.reporters.JUnitReportReporter -->
<testsuite skipped="0" hostname="Nokuthula" name="TestRunner" tests="4" failures="0" timestamp="2023-03-10T14:15:36 CAT" time="61.751" errors="1">
  <testcase name="runScenario" time="12.041" classname="TestRunner">
    <error type="java.io.FileNotFoundException" message="C:\Users\MARIG\IdeaProjects\untitled\target\Book1.csv (The system cannot find the file specified)">
      <![CDATA[java.io.FileNotFoundException: C:\Users\MARIG\IdeaProjects\untitled\target\Book1.csv (The system cannot find the file specified)
at java.io.FileInputStream.open0(Native Method)
at java.io.FileInputStream.open(FileInputStream.java:195)
at java.io.FileInputStream.<init>(FileInputStream.java:138)
at java.io.FileInputStream.<init>(FileInputStream.java:93)
at java.io.FileReader.<init>(FileReader.java:58)
at stepDefs.MyStepdefs.theUserInputRequiredInformation(MyStepdefs.java:35)
at ✽.The user input required information(file:///C:/Users/MARIG/IdeaProjects/untitled/src/test/resources/features/Manage.feature:6)
]]>
    </error>
  </testcase> <!-- runScenario -->
  <system-out/>
  <testcase name="runScenario" time="17.369" classname="TestRunner"/>
  <system-out/>
  <testcase name="runScenario" time="18.961" classname="TestRunner"/>
  <system-out/>
  <testcase name="runScenario" time="13.380" classname="TestRunner"/>
  <system-out/>
</testsuite> <!-- TestRunner -->
