<?xml version="1.0" encoding="UTF-8"?>
<testsuite xmlns:xsi="http://www.w3.org/2001/XMLSchema-instance" xsi:noNamespaceSchemaLocation="https://maven.apache.org/surefire/maven-surefire-plugin/xsd/surefire-test-report-3.0.xsd" version="3.0" name="TestRunner" time="20.78" tests="4" errors="0" skipped="0" failures="1">
  <properties>
[...]
</properties>
  <testcase name="runScenario[&quot;Add Employee to the table&quot;, &quot;Optional[Manage Employees]&quot;](1)" classname="TestRunner" time="12.374">
    <failure message="C:\Users\MARIG\IdeaProjects\untitled\target\Book1.csv (The system cannot find the file specified)" type="java.io.FileNotFoundException"><![CDATA[java.io.FileNotFoundException: C:\Users\MARIG\IdeaProjects\untitled\target\Book1.csv (The system cannot find the file specified)
]]></failure>
    <system-out><![CDATA[Element is clickable
]]></system-out>
    <system-err><![CDATA[Starting ChromeDriver 110.0.5481.77 (65ed616c6e8ee3fe0ad64fe83796c020644d42af-refs/branch-heads/S5t4a81r@t{i#n8g3 9C})h romoenD rpiovretr  2101001.70.5
O4n8l1y. 77lo (c6a5le dc6o1n6nce6ceti8oeens3 fea0raed 6a4lfleo8w3e7d9.6
cP02l0e6a4s4e ds42eeaf-r ehftts/psb:ra/n/cchhr-ohemaeddrs/i5ve4r8.1@ch{#r8o3mi9u}m). oorng /psoertc u1ri8t0y0-9co
nOsnildye rlaotciaol ncso nfoner ctsuigongse starioe nsal loon wkedee.pi
nPgle aCsher osmeeeD rhitvtepsr://chromedriver.chromium.org/security-considerations for suggestions  safeo.n
 keeping ChromeDriver safe.
Starting ChromeDriver 110.0.5481.77 (65ed616c6e8ee3fe0ad64fe83796c020644d42af-refs/branch-heads/5481@{#839}) on port 20788
Only local connections are allowed.
Please see https://chromedriver.chromium.org/security-considerations for suggestions on keeping ChromeDriver safe.
Starting ChromeDriver 110.0.5481.77 (65ed616c6e8ee3fe0ad64fe83796c020644d42af-refs/branch-heads/5481@{#839}) on port 10686
Only local connections are allowed.
Please see https://chromedriver.chromium.org/security-considerations for suggestions on keeping ChromeDriver safe.
ChromeDriver was started successfully.
ChromeDriver was started successfully.
ChromeDriver was started successfully.
ChromeDriver was started successfully.
[1678450522.614][WARNING]: virtual void DevToolsClientImpl::AddListener(DevToolsEventListener *) subscribing a listener to the already connected DevToolsClient. Connection notification will not arrive.
[1678450523.117][WARNING]: virtual void DevToolsClientImpl::AddListener(DevToolsEventListener *) subscribing a listener to the already connected DevToolsClient. Connection notification will not arrive.
[1678450523.474][WARNING]: virtual void DevToolsClientImpl::AddListener(DevToolsEventListener *) subscribing a listener to the already connected DevToolsClient. Connection notification will not arrive.
Mar 10, 2023 2:15:23 PM org.openqa.selenium.remote.ProtocolHandshake createSession
INFO: Detected dialect: W3C
[1678450523.780][WARNING]: virtual void DevToolsClientImpl::AddListener(DevToolsEventListener *) subscribing a listener to the already connected DevToolsClient. Connection notification will not arrive.
Mar 10, 2023 2:15:23 PM org.openqa.selenium.remote.ProtocolHandshake createSession
INFO: Detected dialect: W3C
Mar 10, 2023 2:15:24 PM org.openqa.selenium.remote.ProtocolHandshake createSession
INFO: Detected dialect: W3C
Mar 10, 2023 2:15:24 PM org.openqa.selenium.remote.ProtocolHandshake createSession
INFO: Detected dialect: W3C
]]></system-err>
  </testcase>
  <testcase name="runScenario[&quot;Remove employee on a table&quot;, &quot;Optional[Manage Employees]&quot;](2)" classname="TestRunner" time="13.378"/>
  <testcase name="runScenario[&quot;cancel employee details&quot;, &quot;Optional[Manage Employees]&quot;](3)" classname="TestRunner" time="17.365"/>
  <testcase name="runScenario[&quot;updating employee details&quot;, &quot;Optional[Manage Employees]&quot;](4)" classname="TestRunner" time="18.957"/>
</testsuite>