-------------------------------------------------------------------------------
Test set: TestRunner
-------------------------------------------------------------------------------
Tests run: 4, Failures: 1, Errors: 0, Skipped: 0, Time elapsed: 20.78 s <<< FAILURE! - in TestRunner
TestRunner.runScenario["Add Employee to the table", "Optional[Manage Employees]"](1)  Time elapsed: 12.374 s  <<< FAILURE!
java.io.FileNotFoundException: C:\Users\MARIG\IdeaProjects\untitled\target\Book1.csv (The system cannot find the file specified)

